015b8b96-ee18-11ec-a93e-0242ac11000a::bitgoeul
{"club_id":"015b8b96-ee18-11ec-a93e-0242ac11000a","club":"bitgoeul","jsonstr":"{\"club_id\":\"015b8b96-ee18-11ec-a93e-0242ac11000a\",\"club\":\"bitgoeul\",\"content\":[\"2023-10-19\"]}"}

0278fbbc-ef26-11ec-a93e-0242ac11000a::santehill
{"club_id":"0278fbbc-ef26-11ec-a93e-0242ac11000a","club":"santehill","jsonstr":"{\"club_id\":\"0278fbbc-ef26-11ec-a93e-0242ac11000a\",\"content\":[]}"}

0281a1c2-ee3e-11ec-a93e-0242ac11000a::yangsan
{"club_id":"0281a1c2-ee3e-11ec-a93e-0242ac11000a","club":"yangsan","jsonstr":"{\"club_id\":\"0281a1c2-ee3e-11ec-a93e-0242ac11000a\",\"club\":\"yangsan\",\"content\":[\"2023-10-18\",\"2023-10-19\",\"2023-10-20\",\"2023-10-21\",\"2023-10-22\",\"2023-10-23\",\"2023-10-24\",\"2023-10-25\",\"2023-10-26\",\"2023-10-27\",\"2023-10-28\",\"2023-10-29\",\"2023-10-31\"]}"}

03a0be48-ef23-11ec-a93e-0242ac11000a::purunsol_pochun
{"club_id":"03a0be48-ef23-11ec-a93e-0242ac11000a","club":"purunsol_pochun","jsonstr":"{\"club_id\":\"03a0be48-ef23-11ec-a93e-0242ac11000a\",\"club\":\"purunsol_pochun\",\"content\":[\"2023-10-30\",\"2023-10-31\",\"2023-11-02\",\"2023-11-06\",\"2023-11-07\",\"2023-11-08\",\"2023-11-09\",\"2023-11-10\"]}"}

05156fa6-eee6-11ec-a93e-0242ac11000a::silkvalley
{"club_id":"05156fa6-eee6-11ec-a93e-0242ac11000a","club":"silkvalley","jsonstr":"{\"club_id\":\"05156fa6-eee6-11ec-a93e-0242ac11000a\",\"club\":\"silkvalley\",\"content\":[\"2023-10-19\",\"2023-10-21\",\"2023-10-22\",\"2023-10-23\",\"2023-10-24\",\"2023-10-25\",\"2023-10-26\",\"2023-10-27\",\"2023-10-28\",\"2023-10-29\",\"2023-10-30\",\"2023-10-31\",\"2023-11-01\",\"2023-11-02\",\"2023-11-03\",\"2023-11-04\",\"2023-11-05\",\"2023-11-06\",\"2023-11-07\"]}"}

053d7baf-ce10-11ec-a93e-0242ac11000a::midas_valley
{"club_id":"053d7baf-ce10-11ec-a93e-0242ac11000a","club":"midas_valley","jsonstr":"{\"club_id\":\"053d7baf-ce10-11ec-a93e-0242ac11000a\",\"content\":[]}"}

05607bee-ef75-11ec-a93e-0242ac11000a::ananti
{"club_id":"05607bee-ef75-11ec-a93e-0242ac11000a","club":"ananti","jsonstr":"{\"club_id\":\"05607bee-ef75-11ec-a93e-0242ac11000a\",\"club\":\"ananti\",\"content\":[\"2023-10-19\",\"2023-10-20\",\"2023-10-21\",\"2023-10-22\",\"2023-10-23\",\"2023-10-24\",\"2023-10-26\",\"2023-10-27\"]}"}

05994d6c-efd1-11ec-a93e-0242ac11000a::princess
{"club_id":"05994d6c-efd1-11ec-a93e-0242ac11000a","club":"princess","jsonstr":"{\"club_id\":\"05994d6c-efd1-11ec-a93e-0242ac11000a\",\"club\":\"princess\",\"content\":[\"2023-10-18\",\"2023-10-19\",\"2023-10-20\",\"2023-10-22\",\"2023-10-23\",\"2023-10-24\",\"2023-10-25\",\"2023-10-26\",\"2023-10-30\",\"2023-10-31\",\"2023-11-01\",\"2023-11-02\",\"2023-11-03\",\"2023-11-05\",\"2023-11-06\",\"2023-11-07\"]}"}

06896b0c-efbc-11ec-a93e-0242ac11000a::thegolfclub
{"club_id":"06896b0c-efbc-11ec-a93e-0242ac11000a","club":"thegolfclub","jsonstr":"{\"club_id\":\"06896b0c-efbc-11ec-a93e-0242ac11000a\",\"club\":\"thegolfclub\",\"content\":[\"2023-10-19\",\"2023-10-20\",\"2023-10-21\",\"2023-10-22\",\"2023-10-23\",\"2023-10-24\",\"2023-10-25\",\"2023-10-26\",\"2023-10-27\",\"2023-10-28\",\"2023-10-29\",\"2023-10-30\",\"2023-10-31\",\"2023-11-01\",\"2023-11-02\",\"2023-11-03\",\"2023-11-04\",\"2023-11-05\",\"2023-11-06\",\"2023-11-07\"]}"}

084eabbf-ee41-11ec-a93e-0242ac11000a::raycastle
{"club_id":"084eabbf-ee41-11ec-a93e-0242ac11000a","club":"raycastle","jsonstr":"{\"club_id\":\"084eabbf-ee41-11ec-a93e-0242ac11000a\",\"club\":\"raycastle\",\"content\":[\"2023-10-19\",\"2023-10-21\",\"2023-10-22\",\"2023-10-23\",\"2023-10-30\",\"2023-10-19\",\"2023-10-21\",\"2023-10-22\",\"2023-10-23\",\"2023-10-30\"]}"}

085e0a52-f129-11ec-a93e-0242ac11000a::bestvalley
{"club_id":"085e0a52-f129-11ec-a93e-0242ac11000a","club":"bestvalley","jsonstr":"{\"club_id\":\"085e0a52-f129-11ec-a93e-0242ac11000a\",\"club\":\"bestvalley\",\"content\":[\"2023-10-18\",\"2023-10-19\",\"2023-10-21\",\"2023-10-22\",\"2023-10-23\",\"2023-10-24\",\"2023-10-25\",\"2023-10-26\",\"2023-10-27\",\"2023-10-28\",\"2023-10-29\",\"2023-10-30\",\"2023-10-31\",\"2023-11-01\",\"2023-11-02\",\"2023-11-03\",\"2023-11-04\",\"2023-11-05\",\"2023-11-06\",\"2023-11-07\"]}"}

085e4286-f05e-11ec-a93e-0242ac11000a::zensfield
{"club_id":"085e4286-f05e-11ec-a93e-0242ac11000a","club":"zensfield","jsonstr":"{\"club_id\":\"085e4286-f05e-11ec-a93e-0242ac11000a\",\"club\":\"zensfield\",\"content\":[\"2023-10-18\",\"2023-10-19\",\"2023-10-20\",\"2023-10-22\",\"2023-10-23\",\"2023-10-24\",\"2023-10-25\",\"2023-10-26\",\"2023-10-27\",\"2023-10-28\",\"2023-10-30\",\"2023-10-31\",\"2023-11-01\",\"2023-11-02\",\"2023-11-03\",\"2023-11-04\",\"2023-11-05\",\"2023-11-06\",\"2023-11-07\"]}"}

0861a072-f091-11ec-a93e-0242ac11000a::highest
{"club_id":"0861a072-f091-11ec-a93e-0242ac11000a","club":"highest","jsonstr":"{\"club_id\":\"0861a072-f091-11ec-a93e-0242ac11000a\",\"club\":\"highest\",\"content\":[\"2023-10-18\",\"2023-10-19\",\"2023-10-20\",\"2023-10-21\",\"2023-10-22\",\"2023-10-23\",\"2023-10-24\",\"2023-10-25\",\"2023-10-26\",\"2023-10-27\",\"2023-10-28\",\"2023-10-29\",\"2023-10-30\",\"2023-10-31\",\"2023-11-01\",\"2023-11-02\",\"2023-11-03\",\"2023-11-04\",\"2023-11-05\",\"2023-11-06\",\"2023-11-07\"]}"}

08a1b0ce-f0ad-11ec-a93e-0242ac11000a::kian
{"club_id":"08a1b0ce-f0ad-11ec-a93e-0242ac11000a","club":"kian","jsonstr":"{\"club_id\":\"08a1b0ce-f0ad-11ec-a93e-0242ac11000a\",\"club\":\"kian\",\"content\":[\"2023-10-19\",\"2023-10-23\",\"2023-10-24\",\"2023-10-25\",\"2023-10-27\",\"2023-10-30\",\"2023-10-31\",\"2023-10-19\",\"2023-10-23\",\"2023-10-24\",\"2023-10-25\",\"2023-10-27\",\"2023-10-30\",\"2023-10-31\"]}"}

08a3198e-c009-11ec-a93e-0242ac11000a::royalforet
{"club_id":"08a3198e-c009-11ec-a93e-0242ac11000a","club":"royalforet","jsonstr":"{\"club_id\":\"08a3198e-c009-11ec-a93e-0242ac11000a\",\"club\":\"royalforet\",\"content\":[\"2023-10-19\",\"2023-10-20\",\"2023-10-21\",\"2023-10-22\",\"2023-10-23\",\"2023-10-24\",\"2023-10-25\",\"2023-10-26\",\"2023-10-27\",\"2023-10-28\",\"2023-10-29\",\"2023-10-30\",\"2023-10-31\",\"2023-11-01\",\"2023-11-02\",\"2023-11-03\",\"2023-11-04\",\"2023-11-05\",\"2023-11-06\",\"2023-11-07\",\"2023-11-08\",\"2023-11-09\",\"2023-11-10\",\"2023-11-11\",\"2023-11-12\",\"2023-11-13\",\"2023-11-14\",\"2023-11-15\",\"2023-11-16\",\"2023-11-17\"]}"}

09f30e23-f087-11ec-a93e-0242ac11000a::gaya
{"club_id":"09f30e23-f087-11ec-a93e-0242ac11000a","club":"gaya","jsonstr":"{\"club_id\":\"09f30e23-f087-11ec-a93e-0242ac11000a\",\"club\":\"gaya\",\"content\":[\"2023-10-19\",\"2023-10-22\",\"2023-10-23\",\"2023-10-24\",\"2023-10-25\",\"2023-10-26\",\"2023-10-27\",\"2023-10-29\",\"2023-10-30\",\"2023-10-31\",\"2023-11-01\",\"2023-11-02\",\"2023-11-04\",\"2023-11-05\",\"2023-11-06\",\"2023-11-07\",\"2023-11-08\",\"2023-11-09\",\"2023-11-10\",\"2023-11-11\",\"2023-11-12\",\"2023-11-13\",\"2023-11-14\"]}"}

0bbd2ab1-ee3f-11ec-a93e-0242ac11000a::gumi
{"club_id":"0bbd2ab1-ee3f-11ec-a93e-0242ac11000a","club":"gumi","jsonstr":"{\"club_id\":\"0bbd2ab1-ee3f-11ec-a93e-0242ac11000a\",\"club\":\"gumi\",\"content\":[\"2023-10-19\",\"2023-10-20\",\"2023-10-22\",\"2023-10-23\",\"2023-10-24\",\"2023-10-25\",\"2023-10-26\",\"2023-10-27\",\"2023-10-30\",\"2023-10-31\",\"2023-11-01\"]}"}

0f927c36-f064-11ec-a93e-0242ac11000a::sunningpoint
{"club_id":"0f927c36-f064-11ec-a93e-0242ac11000a","club":"sunningpoint","jsonstr":"{\"club_id\":\"0f927c36-f064-11ec-a93e-0242ac11000a\",\"club\":\"sunningpoint\",\"content\":[\"2023-10-19\",\"2023-10-21\",\"2023-10-22\",\"2023-10-23\",\"2023-10-24\",\"2023-10-25\",\"2023-10-26\",\"2023-10-27\",\"2023-10-29\",\"2023-10-31\",\"2023-11-01\",\"2023-11-02\",\"2023-11-05\"]}"}

1129e439-f065-11ec-a93e-0242ac11000a::lunahills
{"club_id":"1129e439-f065-11ec-a93e-0242ac11000a","club":"lunahills","jsonstr":"{\"club_id\":\"1129e439-f065-11ec-a93e-0242ac11000a\",\"club\":\"lunahills\",\"content\":[\"2023-10-18\",\"2023-10-19\",\"2023-10-20\",\"2023-10-21\",\"2023-10-22\",\"2023-10-23\",\"2023-10-24\",\"2023-10-25\",\"2023-10-26\",\"2023-10-27\",\"2023-10-28\",\"2023-10-29\",\"2023-10-30\",\"2023-10-31\",\"2023-11-01\",\"2023-11-02\",\"2023-11-03\",\"2023-11-04\",\"2023-11-05\",\"2023-11-06\",\"2023-11-07\",\"2023-11-08\",\"2023-11-09\",\"2023-11-10\",\"2023-11-11\",\"2023-11-12\",\"2023-11-13\",\"2023-11-14\",\"2023-11-15\",\"2023-11-16\",\"2023-11-19\"]}"}

11c1f932-ee3d-11ec-a93e-0242ac11000a::leaders
{"club_id":"11c1f932-ee3d-11ec-a93e-0242ac11000a","club":"leaders","jsonstr":"{\"club_id\":\"11c1f932-ee3d-11ec-a93e-0242ac11000a\",\"club\":\"leaders\",\"content\":[\"2023-10-20\",\"2023-10-21\",\"2023-10-23\",\"2023-10-24\",\"2023-10-26\",\"2023-10-27\",\"2023-10-28\",\"2023-10-29\",\"2023-10-30\",\"2023-10-31\",\"2023-11-01\",\"2023-11-02\",\"2023-11-03\",\"2023-11-04\",\"2023-11-05\"]}"}

11e71f1c-ef7c-11ec-a93e-0242ac11000a::chinju
{"club_id":"11e71f1c-ef7c-11ec-a93e-0242ac11000a","club":"chinju","jsonstr":"{\"club_id\":\"11e71f1c-ef7c-11ec-a93e-0242ac11000a\",\"club\":\"chinju\",\"content\":[\"2023-10-19\",\"2023-10-20\",\"2023-10-27\",\"2023-10-31\"]}"}

126fd385-ee24-11ec-a93e-0242ac11000a::bearcreek
