7cc7880f-f134-11ec-a93e-0242ac11000a::adonis
{"club_id":"7cc7880f-f134-11ec-a93e-0242ac11000a","raw":"{\"type\":\"command\",\"sub_type\":\"search\",\"device_id\":\"${deviceId}\",\"device_token\":\"${deviceToken}\",\"golf_club_id\":\"${golfClubId}\",\"fragment_id\":\"${fragment_id}\",\"message\":\"script log: script_error_in_system\",\"parameter\":{\"LOGID\":1696831902434,\"step\":\"EXEC\"},\"timestamp\":1696831902443}"}

a43babed-ef28-11ec-a93e-0242ac11000a::alpensia
{"club_id":"a43babed-ef28-11ec-a93e-0242ac11000a","message":"timeout"}

3a264e34-ef9f-11ec-a93e-0242ac11000a::andonglake
{"club_id":"3a264e34-ef9f-11ec-a93e-0242ac11000a","message":"redirect overflow","redirectChain":[{"url":"https://golf.gtc.co.kr/member/login.asp"},{"url":"https://golf.gtc.co.kr/intro/intro.asp"},{"url":"https://golf.gtc.co.kr/reservation/reservation.asp"}]}

133afbd9-eee5-11ec-a93e-0242ac11000a::ariji
{"club_id":"133afbd9-eee5-11ec-a93e-0242ac11000a","jsonstr":"{\"club_id\":\"133afbd9-eee5-11ec-a93e-0242ac11000a\",\"club\":\"ariji\",\"content\":[\"2023-10-10\",\"2023-10-11\",\"2023-10-12\",\"2023-10-13\",\"2023-10-14\",\"2023-10-15\",\"2023-10-16\",\"2023-10-17\",\"2023-10-18\",\"2023-10-19\",\"2023-10-20\",\"2023-10-23\",\"2023-10-24\",\"2023-10-25\",\"2023-10-26\",\"2023-10-27\",\"2023-10-29\",\"2023-10-30\",\"2023-10-31\",\"2023-11-01\",\"2023-11-02\",\"2023-11-03\",\"2023-11-04\",\"2023-11-05\"]}"}

9cfba8c3-eec9-11ec-a93e-0242ac11000a::arumdaun
{"club_id":"9cfba8c3-eec9-11ec-a93e-0242ac11000a","message":"timeout"}

9dd06332-f062-11ec-a93e-0242ac11000a::bavista
{"club_id":"9dd06332-f062-11ec-a93e-0242ac11000a","jsonstr":"{\"club_id\":\"9dd06332-f062-11ec-a93e-0242ac11000a\",\"club\":\"bavista\",\"content\":[\"2023-10-11\",\"2023-10-12\",\"2023-10-13\",\"2023-10-14\",\"2023-10-17\",\"2023-10-18\",\"2023-10-19\",\"2023-10-20\",\"2023-10-21\",\"2023-10-22\",\"2023-10-24\",\"2023-10-25\",\"2023-10-26\",\"2023-10-27\",\"2023-10-31\",\"2023-11-01\",\"2023-11-02\",\"2023-11-03\",\"2023-11-07\"]}"}

015b8b96-ee18-11ec-a93e-0242ac11000a::bitgoeul
{"club_id":"015b8b96-ee18-11ec-a93e-0242ac11000a","message":"timeout"}

84962a8c-ef9c-11ec-a93e-0242ac11000a::blueone_sangju
{"club_id":"84962a8c-ef9c-11ec-a93e-0242ac11000a","message":"timeout"}

db280bad-f129-11ec-a93e-0242ac11000a::blueone_yongin
{"club_id":"db280bad-f129-11ec-a93e-0242ac11000a","message":"timeout"}

26e86f63-ef9c-11ec-a93e-0242ac11000a::bomun
{"club_id":"26e86f63-ef9c-11ec-a93e-0242ac11000a","jsonstr":"{\"club_id\":\"26e86f63-ef9c-11ec-a93e-0242ac11000a\",\"club\":\"bomun\",\"content\":[\"2023-10-01\",\"2023-10-02\",\"2023-10-03\",\"2023-10-04\",\"2023-10-05\",\"2023-10-06\",\"2023-10-07\",\"2023-10-08\",\"2023-10-09\",\"2023-10-10\",\"2023-10-11\",\"2023-10-12\",\"2023-10-13\",\"2023-10-14\",\"2023-10-15\",\"2023-10-16\",\"2023-10-17\",\"2023-10-18\",\"2023-10-19\",\"2023-10-20\",\"2023-10-21\",\"2023-10-22\",\"2023-10-23\",\"2023-10-24\",\"2023-10-25\",\"2023-10-26\",\"2023-10-27\",\"2023-10-28\",\"2023-10-29\",\"2023-10-30\",\"2023-10-31\",\"2023-11-01\",\"2023-11-02\",\"2023-11-03\",\"2023-11-04\",\"2023-11-05\",\"2023-11-06\",\"2023-11-07\",\"2023-11-08\",\"2023-11-09\",\"2023-11-10\",\"2023-11-11\",\"2023-11-12\",\"2023-11-13\",\"2023-11-14\",\"2023-11-15\",\"2023-11-16\",\"2023-11-17\",\"2023-11-18\",\"2023-11-19\",\"2023-11-20\",\"2023-11-21\",\"2023-11-22\",\"2023-11-23\",\"2023-11-24\",\"2023-11-25\",\"2023-11-26\",\"2023-11-27\",\"2023-11-28\",\"2023-11-29\",\"2023-11-30\"]}"}

fa11e3d6-f05b-11ec-a93e-0242ac11000a::clubd_boeun
{"club_id":"fa11e3d6-f05b-11ec-a93e-0242ac11000a","jsonstr":"{\"club_id\":\"fa11e3d6-f05b-11ec-a93e-0242ac11000a\",\"club\":\"clubd_boeun\",\"content\":[\"2023-10-10\",\"2023-10-11\",\"2023-10-12\",\"2023-10-13\",\"2023-10-14\",\"2023-10-15\",\"2023-10-16\",\"2023-10-17\",\"2023-10-18\",\"2023-10-19\",\"2023-10-20\",\"2023-10-22\",\"2023-10-23\",\"2023-10-24\",\"2023-10-25\",\"2023-10-26\",\"2023-10-27\",\"2023-10-29\",\"2023-10-30\",\"2023-10-31\",\"2023-11-01\",\"2023-11-02\",\"2023-11-03\",\"2023-11-04\",\"2023-11-05\",\"2023-11-06\",\"2023-11-07\",\"2023-11-08\",\"2023-11-09\",\"2023-11-10\",\"2023-11-12\",\"2023-11-13\",\"2023-11-14\",\"2023-11-15\",\"2023-11-16\",\"2023-11-17\",\"2023-11-18\",\"2023-11-19\",\"2023-11-20\",\"2023-11-21\",\"2023-11-22\",\"2023-11-23\",\"2023-11-24\",\"2023-11-25\",\"2023-11-26\",\"2023-11-27\",\"2023-11-28\",\"2023-11-29\",\"2023-11-30\"]}"}

56b581d5-ee3c-11ec-a93e-0242ac11000a::clubd_geochang
{"club_id":"56b581d5-ee3c-11ec-a93e-0242ac11000a","jsonstr":"{\"club_id\":\"56b581d5-ee3c-11ec-a93e-0242ac11000a\",\"club\":\"clubd_geochang\",\"content\":[\"2023-10-10\",\"2023-10-11\",\"2023-10-12\",\"2023-10-13\",\"2023-10-14\",\"2023-10-15\",\"2023-10-16\",\"2023-10-17\",\"2023-10-18\",\"2023-10-19\",\"2023-10-20\",\"2023-10-21\",\"2023-10-22\",\"2023-10-23\",\"2023-10-24\",\"2023-10-25\",\"2023-10-26\",\"2023-10-27\",\"2023-10-28\",\"2023-10-29\",\"2023-10-30\",\"2023-10-31\",\"2023-11-01\",\"2023-11-02\",\"2023-11-03\",\"2023-11-04\",\"2023-11-05\",\"2023-11-06\",\"2023-11-07\",\"2023-11-08\",\"2023-11-09\",\"2023-11-10\",\"2023-11-11\",\"2023-11-12\",\"2023-11-13\",\"2023-11-14\",\"2023-11-15\",\"2023-11-16\",\"2023-11-17\",\"2023-11-18\",\"2023-11-19\"]}"}

b494a7c2-efc5-11ec-a93e-0242ac11000a::clubd_geumgang
{"club_id":"b494a7c2-efc5-11ec-a93e-0242ac11000a","jsonstr":"{\"club_id\":\"b494a7c2-efc5-11ec-a93e-0242ac11000a\",\"club\":\"clubd_geumgang\",\"content\":[\"2023-10-10\",\"2023-10-11\",\"2023-10-12\",\"2023-10-13\",\"2023-10-14\",\"2023-10-15\",\"2023-10-16\",\"2023-10-17\",\"2023-10-18\",\"2023-10-19\",\"2023-10-20\",\"2023-10-22\",\"2023-10-23\",\"2023-10-24\",\"2023-10-25\",\"2023-10-26\",\"2023-10-27\",\"2023-10-28\",\"2023-10-29\",\"2023-10-30\",\"2023-10-31\",\"2023-11-01\",\"2023-11-02\",\"2023-11-03\",\"2023-11-04\",\"2023-11-05\",\"2023-11-06\",\"2023-11-07\",\"2023-11-08\",\"2023-11-09\",\"2023-11-10\",\"2023-11-11\",\"2023-11-12\",\"2023-11-13\",\"2023-11-14\",\"2023-11-15\",\"2023-11-16\",\"2023-11-17\",\"2023-11-18\",\"2023-11-19\",\"2023-11-20\",\"2023-11-21\",\"2023-11-22\",\"2023-11-23\",\"2023-11-24\",\"2023-11-25\",\"2023-11-26\",\"2023-11-27\",\"2023-11-28\",\"2023-11-29\",\"2023-11-30\"]}"}

6bb08266-f05d-11ec-a93e-0242ac11000a::clubd_songnisan
{"club_id":"6bb08266-f05d-11ec-a93e-0242ac11000a","jsonstr":"{\"club_id\":\"6bb08266-f05d-11ec-a93e-0242ac11000a\",\"club\":\"clubd_songnisan\",\"content\":[\"2023-10-10\",\"2023-10-11\",\"2023-10-12\",\"2023-10-13\",\"2023-10-14\",\"2023-10-15\",\"2023-10-16\",\"2023-10-17\",\"2023-10-18\",\"2023-10-19\",\"2023-10-20\",\"2023-10-21\",\"2023-10-22\",\"2023-10-23\",\"2023-10-24\",\"2023-10-25\",\"2023-10-26\",\"2023-10-27\",\"2023-10-28\",\"2023-10-29\",\"2023-10-30\",\"2023-10-31\",\"2023-11-01\",\"2023-11-02\",\"2023-11-03\",\"2023-11-04\",\"2023-11-05\",\"2023-11-06\",\"2023-11-07\",\"2023-11-08\",\"2023-11-09\",\"2023-11-10\",\"2023-11-11\",\"2023-11-12\",\"2023-11-13\",\"2023-11-14\",\"2023-11-15\",\"2023-11-16\",\"2023-11-17\",\"2023-11-18\",\"2023-11-19\",\"2023-11-20\",\"2023-11-21\",\"2023-11-22\",\"2023-11-23\",\"2023-11-24\",\"2023-11-25\",\"2023-11-26\",\"2023-11-27\",\"2023-11-28\",\"2023-11-29\",\"2023-11-30\"]}"}

5283408a-efc7-11ec-a93e-0242ac11000a::cypress
{"club_id":"5283408a-efc7-11ec-a93e-0242ac11000a","message":"timeout"}

f919af75-eeb0-11ec-a93e-0242ac11000a::dragonlake
{"club_id":"f919af75-eeb0-11ec-a93e-0242ac11000a","message":"login_url error","error":"Error: net::ERR_ABORTED at https://m.golfzoncounty.com/member/login"}

d8066fe5-f05d-11ec-a93e-0242ac11000a::eleven
{"club_id":"d8066fe5-f05d-11ec-a93e-0242ac11000a","jsonstr":"{\"club_id\":\"d8066fe5-f05d-11ec-a93e-0242ac11000a\",\"club\":\"eleven\",\"content\":[\"2023-10-10\",\"2023-10-11\",\"2023-10-12\",\"2023-10-13\",\"2023-10-14\",\"2023-10-15\",\"2023-10-16\",\"2023-10-17\",\"2023-10-18\",\"2023-10-19\",\"2023-10-20\",\"2023-10-21\",\"2023-10-22\",\"2023-10-23\",\"2023-10-24\",\"2023-10-25\",\"2023-10-26\",\"2023-10-27\",\"2023-10-28\",\"2023-10-29\",\"2023-10-30\",\"2023-10-31\",\"2023-11-01\",\"2023-11-02\",\"2023-11-03\",\"2023-11-04\",\"2023-11-05\",\"2023-11-06\",\"2023-11-01\",\"2023-11-02\",\"2023-11-03\",\"2023-11-04\",\"2023-11-05\",\"2023-11-06\"]}"}

40a41785-ef74-11ec-a93e-0242ac11000a::geojeview
{"club_id":"40a41785-ef74-11ec-a93e-0242ac11000a","jsonstr":"{\"club_id\":\"40a41785-ef74-11ec-a93e-0242ac11000a\",\"club\":\"geojeview\",\"content\":[\"2023-10-10\",\"2023-10-11\",\"2023-10-12\",\"2023-10-13\",\"2023-10-14\",\"2023-10-15\",\"2023-10-16\",\"2023-10-17\",\"2023-10-18\",\"2023-10-19\",\"2023-10-20\",\"2023-10-21\",\"2023-10-22\",\"2023-10-23\",\"2023-10-24\",\"2023-10-25\",\"2023-10-26\",\"2023-10-27\",\"2023-10-28\",\"2023-10-29\"]}"}

e1652e6e-f091-11ec-a93e-0242ac11000a::goldgreen
{"club_id":"e1652e6e-f091-11ec-a93e-0242ac11000a","jsonstr":"{\"club_id\":\"e1652e6e-f091-11ec-a93e-0242ac11000a\",\"club\":\"goldgreen\",\"content\":[\"2023-10-10\",\"2023-10-11\",\"2023-10-12\",\"2023-10-13\",\"2023-10-14\",\"2023-10-15\",\"2023-10-16\",\"2023-10-17\",\"2023-10-18\",\"2023-10-19\",\"2023-10-20\",\"2023-10-21\",\"2023-10-22\",\"2023-10-23\"]}"}

55b1a0bd-efbc-11ec-a93e-0242ac11000a::goldlake
{"club_id":"55b1a0bd-efbc-11ec-a93e-0242ac11000a","jsonstr":"{\"club_id\":\"55b1a0bd-efbc-11ec-a93e-0242ac11000a\",\"club\":\"goldlake\",\"content\":[\"AAH+-t4-Bf\",\"AAET-LY-EL\",\"AAEo-4h-ra\",\"AAGW-RJ-Mg\",\"AAEx-WE-OM\",\"AAHA-0p-CM\",\"AAEj-rS-Q/\",\"AAE8-yS-wa\",\"AAGm-OL-YH\",\"AAGm-UU-2N\",\"AAH3-cu-MS\",\"AAFI-RV-7H\",\"AAHB-+s-ux\",\"AAF3-Jo-A5\"]}"}

36668316-f087-11ec-a93e-0242ac11000a::gosung
{"club_id":"36668316-f087-11ec-a93e-0242ac11000a","jsonstr":"{\"club_id\":\"36668316-f087-11ec-a93e-0242ac11000a\",\"club\":\"gosung\",\"content\":[\"2023-10-12\",\"2023-10-13\",\"2023-10-14\",\"2023-10-15\",\"2023-10-16\",\"2023-10-17\",\"2023-10-18\",\"2023-10-19\",\"2023-10-20\",\"2023-10-21\",\"2023-10-22\",\"2023-10-23\"]}"}

48681b19-f05f-11ec-a93e-0242ac11000a::gzc_ansungH
{"club_id":"48681b19-f05f-11ec-a93e-0242ac11000a","jsonstr":"{\"club_id\":\"48681b19-f05f-11ec-a93e-0242ac11000a\",\"club\":\"gzc_ansungH\",\"content\":[\"2023-10-10\",\"2023-10-11\",\"2023-10-12\",\"2023-10-13\",\"2023-10-15\",\"2023-10-16\",\"2023-10-18\",\"2023-10-22\",\"2023-10-23\",\"2023-10-24\",\"2023-10-29\",\"2023-10-30\",\"2023-10-31\",\"2023-11-01\",\"2023-11-02\",\"2023-11-04\",\"2023-11-05\"]}"}

7ca7a1f2-f05f-11ec-a93e-0242ac11000a::gzc_ansungW
{"club_id":"7ca7a1f2-f05f-11ec-a93e-0242ac11000a","jsonstr":"{\"club_id\":\"7ca7a1f2-f05f-11ec-a93e-0242ac11000a\",\"club\":\"gzc_ansungW\",\"content\":[\"2023-10-10\",\"2023-10-11\",\"2023-10-12\",\"2023-10-13\",\"2023-10-14\",\"2023-10-15\",\"2023-10-16\",\"2023-10-17\",\"2023-10-18\",\"2023-10-19\",\"2023-10-20\",\"2023-10-21\",\"2023-10-22\",\"2023-10-23\",\"2023-10-24\",\"2023-10-25\",\"2023-10-26\",\"2023-10-27\",\"2023-10-28\",\"2023-10-29\",\"2023-10-30\",\"2023-10-31\",\"2023-11-01\",\"2023-11-02\",\"2023-11-03\",\"2023-11-04\",\"2023-11-05\"]}"}

af763598-efcf-11ec-a93e-0242ac11000a::gzc_chunan
{"club_id":"af763598-efcf-11ec-a93e-0242ac11000a","jsonstr":"{\"club_id\":\"af763598-efcf-11ec-a93e-0242ac11000a\",\"club\":\"gzc_chunan\",\"content\":[\"2023-10-12\"]}"}

f441c67a-ef9d-11ec-a93e-0242ac11000a::gzc_chungtong
{"club_id":"f441c67a-ef9d-11ec-a93e-0242ac11000a","jsonstr":"{\"club_id\":\"f441c67a-ef9d-11ec-a93e-0242ac11000a\",\"club\":\"gzc_chungtong\",\"content\":[\"2023-10-10\",\"2023-10-11\",\"2023-10-12\",\"2023-10-13\",\"2023-10-14\",\"2023-10-15\",\"2023-10-16\",\"2023-10-17\",\"2023-10-18\",\"2023-10-19\",\"2023-10-20\",\"2023-10-21\",\"2023-10-22\",\"2023-10-23\",\"2023-10-24\",\"2023-10-25\",\"2023-10-26\",\"2023-10-27\",\"2023-10-28\",\"2023-10-29\",\"2023-10-30\",\"2023-10-31\",\"2023-11-01\",\"2023-11-02\",\"2023-11-03\",\"2023-11-04\",\"2023-11-05\"]}"}

a6b3d473-ef7d-11ec-a93e-0242ac11000a::gzc_gampo
{"club_id":"a6b3d473-ef7d-11ec-a93e-0242ac11000a","jsonstr":"{\"club_id\":\"a6b3d473-ef7d-11ec-a93e-0242ac11000a\",\"club\":\"gzc_gampo\",\"content\":[\"2023-10-10\",\"2023-10-11\",\"2023-10-12\",\"2023-10-13\",\"2023-10-14\",\"2023-10-15\",\"2023-10-16\",\"2023-10-17\",\"2023-10-18\",\"2023-10-19\",\"2023-10-20\",\"2023-10-21\",\"2023-10-22\",\"2023-10-23\",\"2023-10-24\",\"2023-10-25\",\"2023-10-26\",\"2023-10-27\",\"2023-10-28\",\"2023-10-29\",\"2023-10-30\",\"2023-10-31\",\"2023-11-01\",\"2023-11-02\",\"2023-11-03\",\"2023-11-04\",\"2023-11-05\"]}"}

d91fc7f9-ef7d-11ec-a93e-0242ac11000a::gzc_gumi
{"club_id":"d91fc7f9-ef7d-11ec-a93e-0242ac11000a","jsonstr":"{\"club_id\":\"d91fc7f9-ef7d-11ec-a93e-0242ac11000a\",\"club\":\"gzc_gumi\",\"content\":[\"2023-10-10\",\"2023-10-11\",\"2023-10-12\",\"2023-10-13\",\"2023-10-14\",\"2023-10-15\",\"2023-10-16\",\"2023-10-17\",\"2023-10-18\",\"2023-10-19\",\"2023-10-20\",\"2023-10-21\",\"2023-10-22\",\"2023-10-23\",\"2023-10-24\",\"2023-10-25\",\"2023-10-26\",\"2023-10-27\",\"2023-10-28\",\"2023-10-29\",\"2023-10-30\",\"2023-10-31\",\"2023-11-01\",\"2023-11-02\",\"2023-11-03\",\"2023-11-04\",\"2023-11-05\"]}"}

9c07e922-ef23-11ec-a93e-0242ac11000a::gzc_hanlim
{"club_id":"9c07e922-ef23-11ec-a93e-0242ac11000a","jsonstr":"{\"club_id\":\"9c07e922-ef23-11ec-a93e-0242ac11000a\",\"club\":\"gzc_hanlim\",\"content\":[\"2023-10-10\",\"2023-10-11\",\"2023-10-12\",\"2023-10-13\",\"2023-10-14\",\"2023-10-15\",\"2023-10-16\",\"2023-10-17\",\"2023-10-18\",\"2023-10-19\",\"2023-10-20\",\"2023-10-21\",\"2023-10-22\",\"2023-10-23\",\"2023-10-24\",\"2023-10-25\",\"2023-10-26\",\"2023-10-27\",\"2023-10-28\",\"2023-10-29\",\"2023-10-30\",\"2023-10-31\",\"2023-11-01\",\"2023-11-02\",\"2023-11-03\",\"2023-11-04\",\"2023-11-05\"]}"}

3a11b0ff-efd1-11ec-a93e-0242ac11000a::gzc_hwarang
{"club_id":"3a11b0ff-efd1-11ec-a93e-0242ac11000a","jsonstr":"{\"club_id\":\"3a11b0ff-efd1-11ec-a93e-0242ac11000a\",\"club\":\"gzc_hwarang\",\"content\":[\"2023-10-10\",\"2023-10-11\",\"2023-10-12\",\"2023-10-13\",\"2023-10-14\",\"2023-10-15\",\"2023-10-16\",\"2023-10-17\",\"2023-10-18\",\"2023-10-19\",\"2023-10-20\",\"2023-10-21\",\"2023-10-22\",\"2023-10-23\",\"2023-10-24\",\"2023-10-25\",\"2023-10-26\",\"2023-10-27\",\"2023-10-28\",\"2023-10-29\",\"2023-10-30\",\"2023-10-31\",\"2023-11-01\",\"2023-11-02\",\"2023-11-03\",\"2023-11-04\",\"2023-11-05\"]}"}

dcab2f97-ef76-11ec-a93e-0242ac11000a::gzc_kyungnam
{"club_id":"dcab2f97-ef76-11ec-a93e-0242ac11000a","jsonstr":"{\"club_id\":\"dcab2f97-ef76-11ec-a93e-0242ac11000a\",\"club\":\"gzc_kyungnam\",\"content\":[\"2023-10-10\",\"2023-10-11\",\"2023-10-12\",\"2023-10-13\",\"2023-10-14\",\"2023-10-16\",\"2023-10-17\",\"2023-10-26\",\"2023-10-30\",\"2023-10-31\",\"2023-11-01\",\"2023-11-02\",\"2023-11-03\",\"2023-11-05\"]}"}

a08e2da4-ee44-11ec-a93e-0242ac11000a::gzc_mudeungsan
{"club_id":"a08e2da4-ee44-11ec-a93e-0242ac11000a","message":"timeout"}

dee87b8e-efbf-11ec-a93e-0242ac11000a::gzc_muju
{"club_id":"dee87b8e-efbf-11ec-a93e-0242ac11000a","jsonstr":"{\"club_id\":\"dee87b8e-efbf-11ec-a93e-0242ac11000a\",\"club\":\"gzc_muju\",\"content\":[\"2023-10-10\",\"2023-10-11\",\"2023-10-12\",\"2023-10-13\",\"2023-10-14\",\"2023-10-15\",\"2023-10-16\",\"2023-10-17\",\"2023-10-18\",\"2023-10-19\",\"2023-10-22\",\"2023-10-23\",\"2023-10-24\",\"2023-10-25\",\"2023-10-26\",\"2023-10-27\",\"2023-10-29\",\"2023-10-30\",\"2023-10-31\",\"2023-11-01\",\"2023-11-02\",\"2023-11-03\",\"2023-11-05\",\"2023-11-06\",\"2023-11-07\",\"2023-11-08\",\"2023-11-09\",\"2023-11-10\",\"2023-11-13\",\"2023-11-14\",\"2023-11-15\",\"2023-11-16\",\"2023-11-17\",\"2023-11-19\",\"2023-11-20\",\"2023-11-21\",\"2023-11-22\",\"2023-11-23\",\"2023-11-24\",\"2023-11-25\",\"2023-11-26\",\"2023-11-27\",\"2023-11-28\",\"2023-11-29\",\"2023-11-30\",\"2023-12-01\",\"2023-12-02\",\"2023-12-03\"]}"}

213ea85e-efc6-11ec-a93e-0242ac11000a::gzc_ora
{"club_id":"213ea85e-efc6-11ec-a93e-0242ac11000a","message":"timeout"}

ff641594-ee3b-11ec-a93e-0242ac11000a::gzc_sacheon
{"club_id":"ff641594-ee3b-11ec-a93e-0242ac11000a","jsonstr":"{\"club_id\":\"ff641594-ee3b-11ec-a93e-0242ac11000a\",\"club\":\"gzc_sacheon\",\"content\":[\"2023-10-10\",\"2023-10-11\",\"2023-10-12\",\"2023-10-13\",\"2023-10-14\",\"2023-10-15\",\"2023-10-16\",\"2023-10-17\",\"2023-10-18\",\"2023-10-19\",\"2023-10-20\",\"2023-10-23\",\"2023-10-24\",\"2023-10-25\",\"2023-10-26\",\"2023-10-30\",\"2023-10-31\",\"2023-11-01\",\"2023-11-02\",\"2023-11-03\",\"2023-11-05\"]}"}

aadb562b-ee1f-11ec-a93e-0242ac11000a::gzc_suncheon
{"club_id":"aadb562b-ee1f-11ec-a93e-0242ac11000a","jsonstr":"{\"club_id\":\"aadb562b-ee1f-11ec-a93e-0242ac11000a\",\"club\":\"gzc_suncheon\",\"content\":[\"2023-10-10\",\"2023-10-11\",\"2023-10-12\",\"2023-10-13\",\"2023-10-14\",\"2023-10-15\",\"2023-10-16\",\"2023-10-17\",\"2023-10-18\",\"2023-10-19\",\"2023-10-20\",\"2023-10-21\",\"2023-10-23\",\"2023-10-24\",\"2023-10-25\",\"2023-10-26\",\"2023-10-27\",\"2023-10-29\",\"2023-10-30\",\"2023-10-31\",\"2023-11-01\",\"2023-11-02\",\"2023-11-03\",\"2023-11-06\",\"2023-11-07\",\"2023-11-08\",\"2023-11-09\",\"2023-11-10\",\"2023-11-13\",\"2023-11-14\",\"2023-11-15\",\"2023-11-16\",\"2023-11-17\",\"2023-11-19\",\"2023-11-20\",\"2023-11-21\",\"2023-11-22\",\"2023-11-23\",\"2023-11-24\",\"2023-11-25\",\"2023-11-26\",\"2023-11-27\",\"2023-11-28\",\"2023-11-29\",\"2023-11-30\",\"2023-12-01\",\"2023-12-02\",\"2023-12-03\"]}"}

21e66065-efbf-11ec-a93e-0242ac11000a::gzc_sunun
{"club_id":"21e66065-efbf-11ec-a93e-0242ac11000a","jsonstr":"{\"club_id\":\"21e66065-efbf-11ec-a93e-0242ac11000a\",\"club\":\"gzc_sunun\",\"content\":[\"2023-10-10\",\"2023-10-11\",\"2023-10-12\",\"2023-10-13\",\"2023-10-14\",\"2023-10-15\",\"2023-10-17\",\"2023-10-19\",\"2023-10-21\",\"2023-10-22\",\"2023-10-24\",\"2023-10-25\",\"2023-10-29\",\"2023-10-30\",\"2023-10-31\",\"2023-11-01\",\"2023-11-02\",\"2023-11-03\",\"2023-11-07\",\"2023-11-10\",\"2023-11-13\",\"2023-11-14\",\"2023-11-15\",\"2023-11-16\",\"2023-11-19\",\"2023-11-20\",\"2023-11-21\",\"2023-11-22\",\"2023-11-23\",\"2023-11-24\",\"2023-11-26\",\"2023-11-27\",\"2023-11-28\",\"2023-11-29\",\"2023-11-30\",\"2023-12-01\",\"2023-12-02\",\"2023-12-03\"]}"}

5d84d41f-f091-11ec-a93e-0242ac11000a::haera
{"club_id":"5d84d41f-f091-11ec-a93e-0242ac11000a","jsonstr":"{\"club_id\":\"5d84d41f-f091-11ec-a93e-0242ac11000a\",\"club\":\"haera\",\"content\":[\"2023-10-09\",\"2023-10-10\",\"2023-10-11\",\"2023-10-12\",\"2023-10-13\",\"2023-10-14\",\"2023-10-15\",\"2023-10-16\",\"2023-10-17\",\"2023-10-18\",\"2023-10-19\",\"2023-10-20\",\"2023-10-21\",\"2023-10-22\",\"2023-10-23\"]}"}

958c57dd-ef9e-11ec-a93e-0242ac11000a::hanmac
{"club_id":"958c57dd-ef9e-11ec-a93e-0242ac11000a","message":"login script injection error","error":"ReferenceError: LoginButton is not defined"}

45d852b4-e3d8-11ec-a93e-0242ac11000a::hanmir
{"club_id":"45d852b4-e3d8-11ec-a93e-0242ac11000a","message":"timeout"}

0861a072-f091-11ec-a93e-0242ac11000a::highest
{"club_id":"0861a072-f091-11ec-a93e-0242ac11000a","jsonstr":"{\"club_id\":\"0861a072-f091-11ec-a93e-0242ac11000a\",\"club\":\"highest\",\"content\":[\"2023-10-10\",\"2023-10-11\",\"2023-10-12\",\"2023-10-13\",\"2023-10-14\",\"2023-10-15\",\"2023-10-16\",\"2023-10-17\",\"2023-10-18\",\"2023-10-19\",\"2023-10-20\",\"2023-10-21\",\"2023-10-22\",\"2023-10-23\",\"2023-10-24\",\"2023-10-25\",\"2023-10-26\",\"2023-10-27\",\"2023-10-28\",\"2023-10-29\",\"2023-10-30\"]}"}

8c895ca7-85b8-11ec-b15c-0242ac110005::hilldeloci
{"club_id":"8c895ca7-85b8-11ec-b15c-0242ac110005","message":"timeout"}

70137a1f-efc1-11ec-a93e-0242ac11000a::jangsugolf
{"club_id":"70137a1f-efc1-11ec-a93e-0242ac11000a","jsonstr":"{\"club_id\":\"70137a1f-efc1-11ec-a93e-0242ac11000a\",\"club\":\"jangsugolf\",\"content\":[\"2023-10-10\",\"2023-10-11\",\"2023-10-12\",\"2023-10-13\",\"2023-10-14\",\"2023-10-15\",\"2023-10-16\",\"2023-10-17\",\"2023-10-18\",\"2023-10-19\",\"2023-10-20\",\"2023-10-22\",\"2023-10-23\",\"2023-10-24\",\"2023-10-25\",\"2023-10-26\",\"2023-10-27\",\"2023-10-29\",\"2023-10-30\",\"2023-10-31\",\"2023-11-01\",\"2023-11-02\",\"2023-11-03\",\"2023-11-06\",\"2023-11-01\",\"2023-11-02\",\"2023-11-03\",\"2023-11-06\"]}"}

bda22920-f10a-11ec-a93e-0242ac11000a::jeonjuworldcup
{"club_id":"bda22920-f10a-11ec-a93e-0242ac11000a","message":"timeout"}

59d871c4-f0ad-11ec-a93e-0242ac11000a::joavalley
{"club_id":"59d871c4-f0ad-11ec-a93e-0242ac11000a","jsonstr":"{\"club_id\":\"59d871c4-f0ad-11ec-a93e-0242ac11000a\",\"club\":\"joavalley\",\"content\":[\"2023-10-11\",\"2023-10-17\",\"2023-11-06\"]}"}

8a837dc6-f0ad-11ec-a93e-0242ac11000a::juckhyang
{"club_id":"8a837dc6-f0ad-11ec-a93e-0242ac11000a","jsonstr":"{\"club_id\":\"8a837dc6-f0ad-11ec-a93e-0242ac11000a\",\"club\":\"juckhyang\",\"content\":[\"2023-10-10\",\"2023-10-11\",\"2023-10-12\",\"2023-10-13\",\"2023-10-14\",\"2023-10-15\",\"2023-10-16\",\"2023-10-17\",\"2023-10-18\",\"2023-10-19\",\"2023-10-20\",\"2023-10-21\",\"2023-10-22\",\"2023-10-23\",\"2023-10-24\",\"2023-10-25\",\"2023-10-26\",\"2023-10-27\",\"2023-10-28\",\"2023-10-29\",\"2023-10-30\"]}"}

4852e851-f05e-11ec-a93e-0242ac11000a::kingsdale
{"club_id":"4852e851-f05e-11ec-a93e-0242ac11000a","jsonstr":"{\"club_id\":\"4852e851-f05e-11ec-a93e-0242ac11000a\",\"club\":\"kingsdale\",\"content\":[\"2023-10-10\",\"2023-10-11\",\"2023-10-12\",\"2023-10-13\",\"2023-10-14\",\"2023-10-15\",\"2023-10-16\",\"2023-10-17\",\"2023-10-18\",\"2023-10-19\",\"2023-10-20\",\"2023-10-22\",\"2023-10-23\",\"2023-10-24\",\"2023-10-25\",\"2023-10-26\",\"2023-10-29\",\"2023-10-30\",\"2023-10-31\",\"2023-11-01\",\"2023-11-02\",\"2023-11-03\",\"2023-11-05\",\"2023-11-06\",\"2023-11-07\",\"2023-11-08\",\"2023-11-09\",\"2023-11-10\",\"2023-11-12\",\"2023-11-13\",\"2023-11-14\",\"2023-11-15\",\"2023-11-16\",\"2023-11-17\",\"2023-11-18\",\"2023-11-19\"]}"}

278d5fc1-864e-11ec-b15c-0242ac110005::lakewood
{"club_id":"278d5fc1-864e-11ec-b15c-0242ac110005","jsonstr":"{\"club_id\":\"278d5fc1-864e-11ec-b15c-0242ac110005\",\"club\":\"lakewood\",\"content\":[\"2023-10-10\",\"2023-10-11\"]}"}

746d2c27-ce12-11ec-a93e-0242ac11000a::midas_gumi
{"club_id":"746d2c27-ce12-11ec-a93e-0242ac11000a","jsonstr":"{\"club_id\":\"746d2c27-ce12-11ec-a93e-0242ac11000a\",\"club\":\"midas_gumi\",\"content\":[\"2023-10-10\",\"2023-10-11\",\"2023-10-12\",\"2023-10-13\",\"2023-10-14\",\"2023-10-15\",\"2023-10-16\",\"2023-10-17\",\"2023-10-18\",\"2023-10-19\",\"2023-10-20\",\"2023-10-21\",\"2023-10-22\",\"2023-10-23\",\"2023-10-24\",\"2023-10-25\",\"2023-10-26\",\"2023-10-27\",\"2023-10-28\",\"2023-10-29\",\"2023-10-30\",\"2023-10-31\",\"2023-11-01\",\"2023-11-02\",\"2023-11-03\",\"2023-11-04\",\"2023-11-05\"]}"}

cfc14d07-ce11-11ec-a93e-0242ac11000a::midas_lake
{"club_id":"cfc14d07-ce11-11ec-a93e-0242ac11000a","jsonstr":"{\"club_id\":\"cfc14d07-ce11-11ec-a93e-0242ac11000a\",\"club\":\"midas_lake\",\"content\":[\"2023-10-11\",\"2023-10-13\",\"2023-10-14\",\"2023-10-15\",\"2023-10-16\",\"2023-10-17\"]}"}

053d7baf-ce10-11ec-a93e-0242ac11000a::midas_valley
{"club_id":"053d7baf-ce10-11ec-a93e-0242ac11000a","message":"timeout"}

426bb817-cdb1-11ec-a93e-0242ac11000a::montvert
{"club_id":"426bb817-cdb1-11ec-a93e-0242ac11000a","message":"timeout"}

2fb95533-ee1c-11ec-a93e-0242ac11000a::muan
{"club_id":"2fb95533-ee1c-11ec-a93e-0242ac11000a","message":"timeout"}

a3f2e2b4-ef9b-11ec-a93e-0242ac11000a::mungyung
{"club_id":"a3f2e2b4-ef9b-11ec-a93e-0242ac11000a","message":"timeout"}

f97439af-f126-11ec-a93e-0242ac11000a::newspring_icheon
{"club_id":"f97439af-f126-11ec-a93e-0242ac11000a","message":"login_url error","error":"Error: net::ERR_ABORTED at https://icheon.newspring.co.kr/Mobile/Member/LogIn"}

e4c14e1a-ef9a-11ec-a93e-0242ac11000a::newspring_sangju
{"club_id":"e4c14e1a-ef9a-11ec-a93e-0242ac11000a","jsonstr":"{\"club_id\":\"e4c14e1a-ef9a-11ec-a93e-0242ac11000a\",\"club\":\"newspring_sangju\",\"content\":[\"2023-10-10\",\"2023-10-11\",\"2023-10-12\",\"2023-10-13\",\"2023-10-14\",\"2023-10-15\",\"2023-10-16\",\"2023-10-17\",\"2023-10-18\",\"2023-10-19\",\"2023-10-20\",\"2023-10-23\",\"2023-10-24\",\"2023-10-25\",\"2023-10-26\",\"2023-10-30\",\"2023-10-31\",\"2023-11-01\",\"2023-11-02\",\"2023-11-03\",\"2023-11-06\",\"2023-11-07\",\"2023-11-08\",\"2023-11-09\",\"2023-11-10\",\"2023-11-13\",\"2023-11-14\",\"2023-11-15\"]}"}

13e918bd-ef22-11ec-a93e-0242ac11000a::pine
{"club_id":"13e918bd-ef22-11ec-a93e-0242ac11000a","jsonstr":"{\"club_id\":\"13e918bd-ef22-11ec-a93e-0242ac11000a\",\"club\":\"pine\",\"content\":[\"2023-10-10\",\"2023-10-14\",\"2023-10-15\",\"2023-10-16\",\"2023-10-17\",\"2023-10-24\",\"2023-10-29\",\"2023-10-30\",\"2023-10-31\",\"2023-11-01\",\"2023-11-02\",\"2023-11-05\",\"2023-11-06\",\"2023-11-07\",\"2023-11-08\",\"2023-11-09\"]}"}

57b2870e-ee39-11ec-a93e-0242ac11000a::sagewood_hongcheon
{"club_id":"57b2870e-ee39-11ec-a93e-0242ac11000a","message":"timeout"}

49aa967a-ee45-11ec-a93e-0242ac11000a::sagewood_yeosu
{"club_id":"49aa967a-ee45-11ec-a93e-0242ac11000a","message":"timeout"}

0278fbbc-ef26-11ec-a93e-0242ac11000a::santehill
{"club_id":"0278fbbc-ef26-11ec-a93e-0242ac11000a","jsonstr":"{\"club_id\":\"0278fbbc-ef26-11ec-a93e-0242ac11000a\",\"club\":\"santehill\",\"content\":[\"2023-10-30\",\"2023-10-31\",\"2023-11-01\",\"2023-11-02\"]}"}

939a4c2d-efbd-11ec-a93e-0242ac11000a::scbooyoung
{"club_id":"939a4c2d-efbd-11ec-a93e-0242ac11000a","jsonstr":"{\"club_id\":\"939a4c2d-efbd-11ec-a93e-0242ac11000a\",\"club\":\"scbooyoung\",\"content\":[\"2023-10-10\",\"2023-10-11\",\"2023-10-12\",\"2023-10-14\",\"2023-10-19\",\"2023-10-20\",\"2023-10-23\",\"2023-10-24\",\"2023-10-26\",\"2023-10-30\"]}"}

83ef6bb6-f090-11ec-a93e-0242ac11000a::science_daeduk
{"club_id":"83ef6bb6-f090-11ec-a93e-0242ac11000a","message":"timeout"}

b8802aa3-cdb5-11ec-a93e-0242ac11000a::seowon
{"club_id":"b8802aa3-cdb5-11ec-a93e-0242ac11000a","jsonstr":"{\"club_id\":\"b8802aa3-cdb5-11ec-a93e-0242ac11000a\",\"club\":\"seowon\",\"content\":[\"2023-10-29\",\"2023-10-30\"]}"}

85628efe-efc7-11ec-a93e-0242ac11000a::shinevillepark
{"club_id":"85628efe-efc7-11ec-a93e-0242ac11000a","jsonstr":"{\"club_id\":\"85628efe-efc7-11ec-a93e-0242ac11000a\",\"club\":\"shinevillepark\",\"content\":[\"2023-10-10\",\"2023-10-11\",\"2023-10-12\",\"2023-10-13\",\"2023-10-14\",\"2023-10-15\",\"2023-10-16\",\"2023-10-17\",\"2023-10-18\",\"2023-10-19\",\"2023-10-20\",\"2023-10-21\",\"2023-10-22\",\"2023-10-23\",\"2023-10-24\",\"2023-10-25\",\"2023-10-26\",\"2023-10-27\",\"2023-10-28\",\"2023-10-29\",\"2023-10-30\",\"2023-10-31\",\"2023-11-02\",\"2023-11-07\",\"2023-11-08\",\"2023-11-12\",\"2023-11-14\",\"2023-11-17\",\"2023-11-19\",\"2023-11-20\",\"2023-11-21\",\"2023-11-22\",\"2023-11-23\",\"2023-11-24\",\"2023-11-25\",\"2023-11-26\",\"2023-11-27\",\"2023-11-28\",\"2023-11-29\",\"2023-11-30\"]}"}

22b9c7f6-60f5-11ec-a49a-0242ac11000b::sky72
{"club_id":"22b9c7f6-60f5-11ec-a49a-0242ac11000b","message":"redirect overflow","redirectChain":[{"url":"https://onetheclub.com/member/login"},{"url":"https://onetheclub.com/reservation/golf?sel=D01"},{"url":"https://onetheclub.com/reservation/golf?sel=D01"}]}

d9f98678-f063-11ec-a93e-0242ac11000a::skyvalley
{"club_id":"d9f98678-f063-11ec-a93e-0242ac11000a","jsonstr":"{\"club_id\":\"d9f98678-f063-11ec-a93e-0242ac11000a\",\"club\":\"skyvalley\",\"content\":[\"2023-10-12\",\"2023-10-14\",\"2023-10-15\",\"2023-10-16\",\"2023-11-06\",\"2023-11-06\"]}"}

54dc9b4b-ce15-11ec-a93e-0242ac11000a::smartku
{"club_id":"54dc9b4b-ce15-11ec-a93e-0242ac11000a","message":"timeout"}

9b87343e-f079-11ec-a93e-0242ac11000a::songdogolf
{"club_id":"9b87343e-f079-11ec-a93e-0242ac11000a","message":"login script injection error","error":"TypeError: Cannot read properties of undefined (reading 'click')"}

33dad940-cdce-11ec-a93e-0242ac11000a::sophiagreen
{"club_id":"33dad940-cdce-11ec-a93e-0242ac11000a","message":"timeout"}

cfef8f33-f079-11ec-a93e-0242ac11000a::springvale
{"club_id":"cfef8f33-f079-11ec-a93e-0242ac11000a","jsonstr":"{\"club_id\":\"cfef8f33-f079-11ec-a93e-0242ac11000a\",\"club\":\"springvale\",\"content\":[\"2023-10-09\",\"2023-10-10\",\"2023-10-11\",\"2023-10-12\",\"2023-10-13\",\"2023-10-14\",\"2023-10-15\",\"2023-10-16\",\"2023-10-17\",\"2023-10-18\",\"2023-10-19\",\"2023-10-20\",\"2023-10-21\",\"2023-10-22\",\"2023-10-23\",\"2023-10-24\",\"2023-10-25\",\"2023-10-26\",\"2023-10-27\",\"2023-10-28\",\"2023-10-29\",\"2023-10-30\",\"2023-10-31\",\"2023-11-01\",\"2023-11-02\",\"2023-11-03\",\"2023-11-04\",\"2023-11-05\"]}"}

e5ece764-f8f4-11ec-a93e-0242ac11000a::sungmunan
{"club_id":"e5ece764-f8f4-11ec-a93e-0242ac11000a","message":"timeout"}

0f927c36-f064-11ec-a93e-0242ac11000a::sunningpoint
{"club_id":"0f927c36-f064-11ec-a93e-0242ac11000a","message":"login_url error","error":"Error: net::ERR_ABORTED at https://www.sunningpoint.com/_mobile/login/login.asp"}

a325f4be-f08a-11ec-a93e-0242ac11000a::sunrich
{"club_id":"a325f4be-f08a-11ec-a93e-0242ac11000a","jsonstr":"{\"club_id\":\"a325f4be-f08a-11ec-a93e-0242ac11000a\",\"club\":\"sunrich\",\"content\":[\"2023-10-09\",\"2023-10-10\",\"2023-10-11\",\"2023-10-12\",\"2023-10-13\",\"2023-10-14\",\"2023-10-15\",\"2023-10-16\",\"2023-10-17\",\"2023-10-18\",\"2023-10-19\",\"2023-10-20\",\"2023-10-21\",\"2023-10-22\",\"2023-10-23\",\"2023-10-24\",\"2023-10-25\",\"2023-10-26\",\"2023-10-27\",\"2023-10-28\",\"2023-10-29\",\"2023-10-30\"]}"}

95cfe61a-f074-11ec-a93e-0242ac11000a::sunvalley_dongwon
{"club_id":"95cfe61a-f074-11ec-a93e-0242ac11000a","jsonstr":"{\"club_id\":\"95cfe61a-f074-11ec-a93e-0242ac11000a\",\"club\":\"sunvalley_dongwon\",\"content\":[\"2023-10-15\"]}"}

1972d77e-f05d-11ec-a93e-0242ac11000a::sunvalley_iljuk
{"club_id":"1972d77e-f05d-11ec-a93e-0242ac11000a","jsonstr":"{\"club_id\":\"1972d77e-f05d-11ec-a93e-0242ac11000a\",\"club\":\"sunvalley_iljuk\",\"content\":[\"2023-10-10\",\"2023-10-11\",\"2023-10-12\"]}"}

e8a511f0-ee38-11ec-a93e-0242ac11000a::sunvalley_seorak
{"club_id":"e8a511f0-ee38-11ec-a93e-0242ac11000a","jsonstr":"{\"club_id\":\"e8a511f0-ee38-11ec-a93e-0242ac11000a\",\"club\":\"sunvalley_seorak\",\"content\":[\"2023-10-10\",\"2023-10-11\",\"2023-10-12\"]}"}

30481000-f12b-11ec-a93e-0242ac11000a::sunvalley_yeoju
{"club_id":"30481000-f12b-11ec-a93e-0242ac11000a","jsonstr":"{\"club_id\":\"30481000-f12b-11ec-a93e-0242ac11000a\",\"club\":\"sunvalley_yeoju\",\"content\":[\"2023-10-15\",\"2023-10-22\"]}"}

b0ed2419-e3e4-11ec-a93e-0242ac11000a::tani
{"club_id":"b0ed2419-e3e4-11ec-a93e-0242ac11000a","jsonstr":"{\"club_id\":\"b0ed2419-e3e4-11ec-a93e-0242ac11000a\",\"club\":\"tani\",\"content\":[\"2023-10-10\",\"2023-10-11\",\"2023-10-12\",\"2023-10-13\",\"2023-10-14\",\"2023-10-16\",\"2023-10-17\",\"2023-10-18\",\"2023-10-19\",\"2023-10-24\",\"2023-10-25\",\"2023-10-26\",\"2023-10-27\",\"2023-10-30\"]}"}

d6798049-efbc-11ec-a93e-0242ac11000a::theocean
{"club_id":"d6798049-efbc-11ec-a93e-0242ac11000a","jsonstr":"{\"club_id\":\"d6798049-efbc-11ec-a93e-0242ac11000a\",\"club\":\"theocean\",\"content\":[\"2023-10-11\",\"2023-10-12\",\"2023-10-13\",\"2023-10-15\",\"2023-10-16\"]}"}

aa27e729-f089-11ec-a93e-0242ac11000a::univalley
{"club_id":"aa27e729-f089-11ec-a93e-0242ac11000a","message":"timeout"}

2419e07f-f12a-11ec-a93e-0242ac11000a::victoria
{"club_id":"2419e07f-f12a-11ec-a93e-0242ac11000a","jsonstr":"{\"club_id\":\"2419e07f-f12a-11ec-a93e-0242ac11000a\",\"club\":\"victoria\",\"content\":[\"2023-10-10\",\"2023-10-11\",\"2023-10-12\",\"2023-10-13\",\"2023-10-14\",\"2023-10-15\",\"2023-10-16\",\"2023-10-17\",\"2023-10-18\",\"2023-10-19\",\"2023-10-20\",\"2023-10-21\",\"2023-10-22\",\"2023-10-23\",\"2023-10-24\",\"2023-10-25\",\"2023-10-26\",\"2023-10-27\",\"2023-10-28\",\"2023-10-29\",\"2023-10-30\",\"2023-10-31\"]}"}

24aabbaf-efbe-11ec-a93e-0242ac11000a::westocean
{"club_id":"24aabbaf-efbe-11ec-a93e-0242ac11000a","message":"redirect overflow","redirectChain":[{"url":"https://www.westoceancc.co.kr/mobile/login.asp"},{"url":"https://reserv.kakao.golf/login?type=LOGIN&golfcode=KG20190731YG&resultUrl=https://www.westoceancc.co.kr/mobile/login_kakao.asp"},{"url":"https://reserv.kakao.golf/login?type=LOGIN&golfcode=KG20190731YG&resultUrl=https://www.westoceancc.co.kr/mobile/login_kakao.asp"}]}

4c810eba-f065-11ec-a93e-0242ac11000a::winchest
{"club_id":"4c810eba-f065-11ec-a93e-0242ac11000a","message":"timeout"}

165ffb5f-efc9-11ec-a93e-0242ac11000a::wooridul
{"club_id":"165ffb5f-efc9-11ec-a93e-0242ac11000a","jsonstr":"{\"club_id\":\"165ffb5f-efc9-11ec-a93e-0242ac11000a\",\"club\":\"wooridul\",\"content\":[\"2023-10-10\",\"2023-10-12\",\"2023-10-13\",\"2023-10-14\",\"2023-10-15\",\"2023-10-16\",\"2023-10-17\",\"2023-10-18\",\"2023-10-19\",\"2023-10-20\",\"2023-10-22\",\"2023-10-23\",\"2023-10-24\",\"2023-10-25\",\"2023-10-26\",\"2023-10-29\",\"2023-10-30\",\"2023-10-31\",\"2023-11-01\",\"2023-11-02\",\"2023-11-03\",\"2023-11-06\",\"2023-11-07\",\"2023-11-08\",\"2023-11-09\",\"2023-11-10\",\"2023-11-11\",\"2023-11-12\",\"2023-11-13\",\"2023-11-14\",\"2023-11-16\",\"2023-11-17\",\"2023-11-18\",\"2023-11-19\",\"2023-11-20\",\"2023-11-21\",\"2023-11-22\",\"2023-11-23\",\"2023-11-24\",\"2023-11-25\",\"2023-11-26\",\"2023-11-27\",\"2023-11-28\",\"2023-11-29\",\"2023-11-30\",\"2023-11-01\",\"2023-11-02\",\"2023-11-03\",\"2023-11-06\",\"2023-11-07\",\"2023-11-08\",\"2023-11-09\",\"2023-11-10\",\"2023-11-11\",\"2023-11-12\",\"2023-11-13\",\"2023-11-14\",\"2023-11-16\",\"2023-11-17\",\"2023-11-18\",\"2023-11-19\",\"2023-11-20\",\"2023-11-21\",\"2023-11-22\",\"2023-11-23\",\"2023-11-24\",\"2023-11-25\",\"2023-11-26\",\"2023-11-27\",\"2023-11-28\",\"2023-11-29\",\"2023-11-30\",\"2023-12-01\",\"2023-12-02\",\"2023-12-03\",\"2023-12-04\",\"2023-12-05\",\"2023-12-06\",\"2023-12-07\",\"2023-12-08\",\"2023-12-09\",\"2023-12-10\",\"2023-12-11\",\"2023-12-12\",\"2023-12-13\",\"2023-12-14\",\"2023-12-15\",\"2023-12-16\",\"2023-12-17\",\"2023-12-18\",\"2023-12-19\",\"2023-12-20\",\"2023-12-21\",\"2023-12-22\",\"2023-12-23\",\"2023-12-24\",\"2023-12-25\",\"2023-12-26\",\"2023-12-27\",\"2023-12-28\",\"2023-12-29\",\"2023-12-30\",\"2023-12-31\"]}"}

4107fc70-f07b-11ec-a93e-0242ac11000a::yongpyong9
{"club_id":"4107fc70-f07b-11ec-a93e-0242ac11000a","message":"timeout"}

a83f1e02-2a9a-11ee-a1bf-f220af5e408d::cascadia
{"club_id":"a83f1e02-2a9a-11ee-a1bf-f220af5e408d","message":"timeout"}

